#
# A fatal error has been detected by the Java Runtime Environment:
#
#  EXCEPTION_ACCESS_VIOLATION (0xc0000005) at pc=0x00007ffec1a73078, pid=8420, tid=5048
#
# JRE version: Java(TM) SE Runtime Environment 18.9 (11.0.17+10) (build 11.0.17+10-LTS-269)
# Java VM: Java HotSpot(TM) 64-Bit Server VM 18.9 (11.0.17+10-LTS-269, mixed mode, tiered, compressed oops, g1 gc, windows-amd64)
# Problematic frame:
# C  [d3d9.dll+0x23078]
#
# No core dump will be written. Minidumps are not enabled by default on client versions of Windows
#
# If you would like to submit a bug report, please visit:
#   https://bugreport.java.com/bugreport/crash.jsp
# The crash happened outside the Java Virtual Machine in native code.
# See problematic frame for where to report the bug.
#

---------------  S U M M A R Y ------------

Command Line: --module-path=E:\JETBRAINS\javafx-sdk-19.0.2.1\lib --add-modules=javafx.controls,javafx.fxml -javaagent:C:\Program Files\JetBrains\IntelliJ IDEA 2021.1.3\lib\idea_rt.jar=49967:C:\Program Files\JetBrains\IntelliJ IDEA 2021.1.3\bin -Dfile.encoding=UTF-8 Launcher

Host: 11th Gen Intel(R) Core(TM) i5-1135G7 @ 2.40GHz, 8 cores, 7G,  Windows 11 , 64 bit Build 22621 (10.0.22621.1485)
Time: Fri Apr 14 22:20:51 2023 Sri Lanka Standard Time elapsed time: 0.491812 seconds (0d 0h 0m 0s)

---------------  T H R E A D  ---------------

Current thread (0x0000017635330800):  JavaThread "QuantumRenderer-0" daemon [_thread_in_native, id=5048, stack(0x000000339e500000,0x000000339e600000)]

Stack: [0x000000339e500000,0x000000339e600000],  sp=0x000000339e5fc418,  free space=1009k
Native frames: (J=compiled Java code, j=interpreted, Vv=VM code, C=native code)
C  [d3d9.dll+0x23078]

Java frames: (J=compiled Java code, j=interpreted, Vv=VM code)
j  com.sun.prism.d3d.D3DPipeline.nInit(Ljava/lang/Class;Z)Z+0 javafx.graphics@19.0.2.1
j  com.sun.prism.d3d.D3DPipeline.lambda$static$0()Ljava/lang/Boolean;+39 javafx.graphics@19.0.2.1
j  com.sun.prism.d3d.D3DPipeline$$Lambda$76.run()Ljava/lang/Object;+0 javafx.graphics@19.0.2.1
v  ~StubRoutines::call_stub
j  java.security.AccessController.doPrivileged(Ljava/security/PrivilegedAction;)Ljava/lang/Object;+0 java.base@11.0.17
j  com.sun.prism.d3d.D3DPipeline.<clinit>()V+5 javafx.graphics@19.0.2.1
v  ~StubRoutines::call_stub
j  java.lang.Class.forName0(Ljava/lang/String;ZLjava/lang/ClassLoader;Ljava/lang/Class;)Ljava/lang/Class;+0 java.base@11.0.17
j  java.lang.Class.forName(Ljava/lang/String;)Ljava/lang/Class;+11 java.base@11.0.17
j  com.sun.prism.GraphicsPipeline.createPipeline()Lcom/sun/prism/GraphicsPipeline;+180 javafx.graphics@19.0.2.1
j  com.sun.javafx.tk.quantum.QuantumRenderer$PipelineRunnable.init()V+0 javafx.graphics@19.0.2.1
j  com.sun.javafx.tk.quantum.QuantumRenderer$PipelineRunnable.run()V+1 javafx.graphics@19.0.2.1
j  java.lang.Thread.run()V+11 java.base@11.0.17
v  ~StubRoutines::call_stub

siginfo: EXCEPTION_ACCESS_VIOLATION (0xc0000005), writing address 0x0000000000000000


Register to memory mapping:

RIP=0x00007ffec1a73078 d3d9.dll
RAX=0x0 is NULL
RBX=0x0000017635afc1c0 points into unknown readable memory: 0x00007ffec1b931f0 | f0 31 b9 c1 fe 7f 00 00
RCX=0x0000017635afc1c0 points into unknown readable memory: 0x00007ffec1b931f0 | f0 31 b9 c1 fe 7f 00 00
RDX=0x0 is NULL
RSP=0x000000339e5fc418 is pointing into the stack for thread: 0x0000017635330800
RBP=0x0000000000000138 is an unknown value
RSI=0x000000339e5fc490 is pointing into the stack for thread: 0x0000017635330800
RDI=0x0 is NULL
R8 =0x000000339e5fc490 is pointing into the stack for thread: 0x0000017635330800
R9 =0x0000000000000001 is an unknown value
R10=0xb1fcaf467e50f270 is an unknown value
R11=0x000000339e5fc340 is pointing into the stack for thread: 0x0000017635330800
R12=0x001e00000065081f is an unknown value
R13=0x0000000000009a49 is an unknown value
R14=0x0 is NULL
R15=0x00000176352adbc0 points into unknown readable memory: 0x6d6f635f00000001 | 01 00 00 00 5f 63 6f 6d


Registers:
RAX=0x0000000000000000, RBX=0x0000017635afc1c0, RCX=0x0000017635afc1c0, RDX=0x0000000000000000
RSP=0x000000339e5fc418, RBP=0x0000000000000138, RSI=0x000000339e5fc490, RDI=0x0000000000000000
R8 =0x000000339e5fc490, R9 =0x0000000000000001, R10=0xb1fcaf467e50f270, R11=0x000000339e5fc340
R12=0x001e00000065081f, R13=0x0000000000009a49, R14=0x0000000000000000, R15=0x00000176352adbc0
RIP=0x00007ffec1a73078, EFLAGS=0x0000000000010202

Top of Stack: (sp=0x000000339e5fc418)
0x000000339e5fc418:   00007ffec1a71e78 007fff0300000000
0x000000339e5fc428:   0000017635afc1c0 fffe0300000000ff
0x000000339e5fc438:   0000017635afc1c8 0000017635afc1c8
0x000000339e5fc448:   0000000000000000 0000000000000000
0x000000339e5fc458:   00007ffe9b2c759d 00000176352adbc0
0x000000339e5fc468:   0000000000000000 0000000400000020
0x000000339e5fc478:   000000180000001f 0000000400000020
0x000000339e5fc488:   0303030000000200 ffffffffffffffff
0x000000339e5fc498:   0000800000008000 0000a0333550ddeb
0x000000339e5fc4a8:   0000000000000000 00007ffe9b2e0f30
0x000000339e5fc4b8:   00007ffe9b2c6ea9 0000000000000000
0x000000339e5fc4c8:   0000000000000000 00000176352adbe0
0x000000339e5fc4d8:   00000000000000ae 00000033000000c2
0x000000339e5fc4e8:   00000176000000d3 0000003300000035
0x000000339e5fc4f8:   0000017600000001 0000808600000000
0x000000339e5fc508:   000000339e5fca40 6d69646d75646769 

Instructions: (pc=0x00007ffec1a73078)
0x00007ffec1a73058:   00 00 00 00 00 00 00 00 00 00 00 00 00 00 00 00
0x00007ffec1a73068:   00 00 00 00 00 00 00 00 00 00 00 00 00 00 00 00
0x00007ffec1a73078:   00 00 00 00 00 00 00 00 00 00 00 00 00 00 00 00
0x00007ffec1a73088:   00 00 00 00 00 00 00 00 00 00 00 00 00 00 00 00 


Stack slot to memory mapping:
stack at sp + 0 slots: 0x00007ffec1a71e78 d3d9.dll
stack at sp + 1 slots: 0x007fff0300000000 is an unknown value
stack at sp + 2 slots: 0x0000017635afc1c0 points into unknown readable memory: 0x00007ffec1b931f0 | f0 31 b9 c1 fe 7f 00 00
stack at sp + 3 slots: 0xfffe0300000000ff is an unknown value
stack at sp + 4 slots: 0x0000017635afc1c8 points into unknown readable memory: 0xffffffffffffffff | ff ff ff ff ff ff ff ff
stack at sp + 5 slots: 0x0000017635afc1c8 points into unknown readable memory: 0xffffffffffffffff | ff ff ff ff ff ff ff ff
stack at sp + 6 slots: 0x0 is NULL
stack at sp + 7 slots: 0x0 is NULL


---------------  P R O C E S S  ---------------

Threads class SMR info:
_java_thread_list=0x00000176353a21c0, length=14, elements={
0x0000017615e55000, 0x0000017633c41000, 0x0000017633c4e000, 0x0000017633c5d800,
0x0000017633c5e800, 0x0000017633c5f800, 0x0000017633c63000, 0x00000176345b8800,
0x0000017633c65000, 0x0000017634724800, 0x0000017634784800, 0x0000017634785000,
0x000001763525a000, 0x0000017635330800
}

Java Threads: ( => current thread )
  0x0000017615e55000 JavaThread "main" [_thread_blocked, id=10592, stack(0x000000339d100000,0x000000339d200000)]
  0x0000017633c41000 JavaThread "Reference Handler" daemon [_thread_blocked, id=13532, stack(0x000000339d800000,0x000000339d900000)]
  0x0000017633c4e000 JavaThread "Finalizer" daemon [_thread_blocked, id=11324, stack(0x000000339d900000,0x000000339da00000)]
  0x0000017633c5d800 JavaThread "Signal Dispatcher" daemon [_thread_blocked, id=6316, stack(0x000000339da00000,0x000000339db00000)]
  0x0000017633c5e800 JavaThread "Attach Listener" daemon [_thread_blocked, id=1644, stack(0x000000339db00000,0x000000339dc00000)]
  0x0000017633c5f800 JavaThread "Service Thread" daemon [_thread_blocked, id=1724, stack(0x000000339dc00000,0x000000339dd00000)]
  0x0000017633c63000 JavaThread "C2 CompilerThread0" daemon [_thread_blocked, id=8708, stack(0x000000339dd00000,0x000000339de00000)]
  0x00000176345b8800 JavaThread "C1 CompilerThread0" daemon [_thread_blocked, id=1292, stack(0x000000339de00000,0x000000339df00000)]
  0x0000017633c65000 JavaThread "Sweeper thread" daemon [_thread_blocked, id=7656, stack(0x000000339df00000,0x000000339e000000)]
  0x0000017634724800 JavaThread "Common-Cleaner" daemon [_thread_blocked, id=9592, stack(0x000000339e000000,0x000000339e100000)]
  0x0000017634784800 JavaThread "C2 CompilerThread1" daemon [_thread_blocked, id=7640, stack(0x000000339e100000,0x000000339e200000)]
  0x0000017634785000 JavaThread "C2 CompilerThread2" daemon [_thread_blocked, id=4212, stack(0x000000339e200000,0x000000339e300000)]
  0x000001763525a000 JavaThread "Monitor Ctrl-Break" daemon [_thread_in_native, id=14248, stack(0x000000339e300000,0x000000339e400000)]
=>0x0000017635330800 JavaThread "QuantumRenderer-0" daemon [_thread_in_native, id=5048, stack(0x000000339e500000,0x000000339e600000)]

Other Threads:
  0x0000017633c3d800 VMThread "VM Thread" [stack: 0x000000339d700000,0x000000339d800000] [id=11288]
  0x0000017634e20000 WatcherThread [stack: 0x000000339e400000,0x000000339e500000] [id=4100]
  0x0000017615e6b000 GCTaskThread "GC Thread#0" [stack: 0x000000339d200000,0x000000339d300000] [id=12520]
  0x0000017615e9b000 ConcurrentGCThread "G1 Main Marker" [stack: 0x000000339d300000,0x000000339d400000] [id=16328]
  0x0000017615e9d800 ConcurrentGCThread "G1 Conc#0" [stack: 0x000000339d400000,0x000000339d500000] [id=9980]
  0x0000017633a72800 ConcurrentGCThread "G1 Refine#0" [stack: 0x000000339d500000,0x000000339d600000] [id=14400]
  0x0000017633a75000 ConcurrentGCThread "G1 Young RemSet Sampling" [stack: 0x000000339d600000,0x000000339d700000] [id=4836]

Threads with active compile tasks:

VM state:not at safepoint (normal execution)

VM Mutex/Monitor currently owned by a thread: None

Heap address: 0x0000000084000000, size: 1984 MB, Compressed Oops mode: 32-bit
Narrow klass base: 0x0000000000000000, Narrow klass shift: 3
Compressed class space size: 1073741824 Address: 0x0000000100000000

Heap:
 garbage-first heap   total 126976K, used 13312K [0x0000000084000000, 0x0000000100000000)
  region size 1024K, 15 young (15360K), 0 survivors (0K)
 Metaspace       used 8947K, capacity 9188K, committed 9472K, reserved 1058816K
  class space    used 891K, capacity 990K, committed 1024K, reserved 1048576K
Heap Regions: E=young(eden), S=young(survivor), O=old, HS=humongous(starts), HC=humongous(continues), CS=collection set, F=free, A=archive, TAMS=top-at-mark-start (previous, next)
|   0|0x0000000084000000, 0x0000000084000000, 0x0000000084100000|  0%| F|  |TAMS 0x0000000084000000, 0x0000000084000000| Untracked 
|   1|0x0000000084100000, 0x0000000084100000, 0x0000000084200000|  0%| F|  |TAMS 0x0000000084100000, 0x0000000084100000| Untracked 
|   2|0x0000000084200000, 0x0000000084200000, 0x0000000084300000|  0%| F|  |TAMS 0x0000000084200000, 0x0000000084200000| Untracked 
|   3|0x0000000084300000, 0x0000000084300000, 0x0000000084400000|  0%| F|  |TAMS 0x0000000084300000, 0x0000000084300000| Untracked 
|   4|0x0000000084400000, 0x0000000084400000, 0x0000000084500000|  0%| F|  |TAMS 0x0000000084400000, 0x0000000084400000| Untracked 
|   5|0x0000000084500000, 0x0000000084500000, 0x0000000084600000|  0%| F|  |TAMS 0x0000000084500000, 0x0000000084500000| Untracked 
|   6|0x0000000084600000, 0x0000000084600000, 0x0000000084700000|  0%| F|  |TAMS 0x0000000084600000, 0x0000000084600000| Untracked 
|   7|0x0000000084700000, 0x0000000084700000, 0x0000000084800000|  0%| F|  |TAMS 0x0000000084700000, 0x0000000084700000| Untracked 
|   8|0x0000000084800000, 0x0000000084800000, 0x0000000084900000|  0%| F|  |TAMS 0x0000000084800000, 0x0000000084800000| Untracked 
|   9|0x0000000084900000, 0x0000000084900000, 0x0000000084a00000|  0%| F|  |TAMS 0x0000000084900000, 0x0000000084900000| Untracked 
|  10|0x0000000084a00000, 0x0000000084a00000, 0x0000000084b00000|  0%| F|  |TAMS 0x0000000084a00000, 0x0000000084a00000| Untracked 
|  11|0x0000000084b00000, 0x0000000084b00000, 0x0000000084c00000|  0%| F|  |TAMS 0x0000000084b00000, 0x0000000084b00000| Untracked 
|  12|0x0000000084c00000, 0x0000000084c00000, 0x0000000084d00000|  0%| F|  |TAMS 0x0000000084c00000, 0x0000000084c00000| Untracked 
|  13|0x0000000084d00000, 0x0000000084d00000, 0x0000000084e00000|  0%| F|  |TAMS 0x0000000084d00000, 0x0000000084d00000| Untracked 
|  14|0x0000000084e00000, 0x0000000084e00000, 0x0000000084f00000|  0%| F|  |TAMS 0x0000000084e00000, 0x0000000084e00000| Untracked 
|  15|0x0000000084f00000, 0x0000000084f00000, 0x0000000085000000|  0%| F|  |TAMS 0x0000000084f00000, 0x0000000084f00000| Untracked 
|  16|0x0000000085000000, 0x0000000085000000, 0x0000000085100000|  0%| F|  |TAMS 0x0000000085000000, 0x0000000085000000| Untracked 
|  17|0x0000000085100000, 0x0000000085100000, 0x0000000085200000|  0%| F|  |TAMS 0x0000000085100000, 0x0000000085100000| Untracked 
|  18|0x0000000085200000, 0x0000000085200000, 0x0000000085300000|  0%| F|  |TAMS 0x0000000085200000, 0x0000000085200000| Untracked 
|  19|0x0000000085300000, 0x0000000085300000, 0x0000000085400000|  0%| F|  |TAMS 0x0000000085300000, 0x0000000085300000| Untracked 
|  20|0x0000000085400000, 0x0000000085400000, 0x0000000085500000|  0%| F|  |TAMS 0x0000000085400000, 0x0000000085400000| Untracked 
|  21|0x0000000085500000, 0x0000000085500000, 0x0000000085600000|  0%| F|  |TAMS 0x0000000085500000, 0x0000000085500000| Untracked 
|  22|0x0000000085600000, 0x0000000085600000, 0x0000000085700000|  0%| F|  |TAMS 0x0000000085600000, 0x0000000085600000| Untracked 
|  23|0x0000000085700000, 0x0000000085700000, 0x0000000085800000|  0%| F|  |TAMS 0x0000000085700000, 0x0000000085700000| Untracked 
|  24|0x0000000085800000, 0x0000000085800000, 0x0000000085900000|  0%| F|  |TAMS 0x0000000085800000, 0x0000000085800000| Untracked 
|  25|0x0000000085900000, 0x0000000085900000, 0x0000000085a00000|  0%| F|  |TAMS 0x0000000085900000, 0x0000000085900000| Untracked 
|  26|0x0000000085a00000, 0x0000000085a00000, 0x0000000085b00000|  0%| F|  |TAMS 0x0000000085a00000, 0x0000000085a00000| Untracked 
|  27|0x0000000085b00000, 0x0000000085b00000, 0x0000000085c00000|  0%| F|  |TAMS 0x0000000085b00000, 0x0000000085b00000| Untracked 
|  28|0x0000000085c00000, 0x0000000085c00000, 0x0000000085d00000|  0%| F|  |TAMS 0x0000000085c00000, 0x0000000085c00000| Untracked 
|  29|0x0000000085d00000, 0x0000000085d00000, 0x0000000085e00000|  0%| F|  |TAMS 0x0000000085d00000, 0x0000000085d00000| Untracked 
|  30|0x0000000085e00000, 0x0000000085e00000, 0x0000000085f00000|  0%| F|  |TAMS 0x0000000085e00000, 0x0000000085e00000| Untracked 
|  31|0x0000000085f00000, 0x0000000085f00000, 0x0000000086000000|  0%| F|  |TAMS 0x0000000085f00000, 0x0000000085f00000| Untracked 
|  32|0x0000000086000000, 0x0000000086000000, 0x0000000086100000|  0%| F|  |TAMS 0x0000000086000000, 0x0000000086000000| Untracked 
|  33|0x0000000086100000, 0x0000000086100000, 0x0000000086200000|  0%| F|  |TAMS 0x0000000086100000, 0x0000000086100000| Untracked 
|  34|0x0000000086200000, 0x0000000086200000, 0x0000000086300000|  0%| F|  |TAMS 0x0000000086200000, 0x0000000086200000| Untracked 
|  35|0x0000000086300000, 0x0000000086300000, 0x0000000086400000|  0%| F|  |TAMS 0x0000000086300000, 0x0000000086300000| Untracked 
|  36|0x0000000086400000, 0x0000000086400000, 0x0000000086500000|  0%| F|  |TAMS 0x0000000086400000, 0x0000000086400000| Untracked 
|  37|0x0000000086500000, 0x0000000086500000, 0x0000000086600000|  0%| F|  |TAMS 0x0000000086500000, 0x0000000086500000| Untracked 
|  38|0x0000000086600000, 0x0000000086600000, 0x0000000086700000|  0%| F|  |TAMS 0x0000000086600000, 0x0000000086600000| Untracked 
|  39|0x0000000086700000, 0x0000000086700000, 0x0000000086800000|  0%| F|  |TAMS 0x0000000086700000, 0x0000000086700000| Untracked 
|  40|0x0000000086800000, 0x0000000086800000, 0x0000000086900000|  0%| F|  |TAMS 0x0000000086800000, 0x0000000086800000| Untracked 
|  41|0x0000000086900000, 0x0000000086900000, 0x0000000086a00000|  0%| F|  |TAMS 0x0000000086900000, 0x0000000086900000| Untracked 
|  42|0x0000000086a00000, 0x0000000086a00000, 0x0000000086b00000|  0%| F|  |TAMS 0x0000000086a00000, 0x0000000086a00000| Untracked 
|  43|0x0000000086b00000, 0x0000000086b00000, 0x0000000086c00000|  0%| F|  |TAMS 0x0000000086b00000, 0x0000000086b00000| Untracked 
|  44|0x0000000086c00000, 0x0000000086c00000, 0x0000000086d00000|  0%| F|  |TAMS 0x0000000086c00000, 0x0000000086c00000| Untracked 
|  45|0x0000000086d00000, 0x0000000086d00000, 0x0000000086e00000|  0%| F|  |TAMS 0x0000000086d00000, 0x0000000086d00000| Untracked 
|  46|0x0000000086e00000, 0x0000000086e00000, 0x0000000086f00000|  0%| F|  |TAMS 0x0000000086e00000, 0x0000000086e00000| Untracked 
|  47|0x0000000086f00000, 0x0000000086f00000, 0x0000000087000000|  0%| F|  |TAMS 0x0000000086f00000, 0x0000000086f00000| Untracked 
|  48|0x0000000087000000, 0x0000000087000000, 0x0000000087100000|  0%| F|  |TAMS 0x0000000087000000, 0x0000000087000000| Untracked 
|  49|0x0000000087100000, 0x0000000087100000, 0x0000000087200000|  0%| F|  |TAMS 0x0000000087100000, 0x0000000087100000| Untracked 
|  50|0x0000000087200000, 0x0000000087200000, 0x0000000087300000|  0%| F|  |TAMS 0x0000000087200000, 0x0000000087200000| Untracked 
|  51|0x0000000087300000, 0x0000000087300000, 0x0000000087400000|  0%| F|  |TAMS 0x0000000087300000, 0x0000000087300000| Untracked 
|  52|0x0000000087400000, 0x0000000087400000, 0x0000000087500000|  0%| F|  |TAMS 0x0000000087400000, 0x0000000087400000| Untracked 
|  53|0x0000000087500000, 0x0000000087500000, 0x0000000087600000|  0%| F|  |TAMS 0x0000000087500000, 0x0000000087500000| Untracked 
|  54|0x0000000087600000, 0x0000000087600000, 0x0000000087700000|  0%| F|  |TAMS 0x0000000087600000, 0x0000000087600000| Untracked 
|  55|0x0000000087700000, 0x0000000087700000, 0x0000000087800000|  0%| F|  |TAMS 0x0000000087700000, 0x0000000087700000| Untracked 
|  56|0x0000000087800000, 0x0000000087800000, 0x0000000087900000|  0%| F|  |TAMS 0x0000000087800000, 0x0000000087800000| Untracked 
|  57|0x0000000087900000, 0x0000000087900000, 0x0000000087a00000|  0%| F|  |TAMS 0x0000000087900000, 0x0000000087900000| Untracked 
|  58|0x0000000087a00000, 0x0000000087a00000, 0x0000000087b00000|  0%| F|  |TAMS 0x0000000087a00000, 0x0000000087a00000| Untracked 
|  59|0x0000000087b00000, 0x0000000087b00000, 0x0000000087c00000|  0%| F|  |TAMS 0x0000000087b00000, 0x0000000087b00000| Untracked 
|  60|0x0000000087c00000, 0x0000000087c00000, 0x0000000087d00000|  0%| F|  |TAMS 0x0000000087c00000, 0x0000000087c00000| Untracked 
|  61|0x0000000087d00000, 0x0000000087d00000, 0x0000000087e00000|  0%| F|  |TAMS 0x0000000087d00000, 0x0000000087d00000| Untracked 
|  62|0x0000000087e00000, 0x0000000087e00000, 0x0000000087f00000|  0%| F|  |TAMS 0x0000000087e00000, 0x0000000087e00000| Untracked 
|  63|0x0000000087f00000, 0x0000000087f00000, 0x0000000088000000|  0%| F|  |TAMS 0x0000000087f00000, 0x0000000087f00000| Untracked 
|  64|0x0000000088000000, 0x0000000088000000, 0x0000000088100000|  0%| F|  |TAMS 0x0000000088000000, 0x0000000088000000| Untracked 
|  65|0x0000000088100000, 0x0000000088100000, 0x0000000088200000|  0%| F|  |TAMS 0x0000000088100000, 0x0000000088100000| Untracked 
|  66|0x0000000088200000, 0x0000000088200000, 0x0000000088300000|  0%| F|  |TAMS 0x0000000088200000, 0x0000000088200000| Untracked 
|  67|0x0000000088300000, 0x0000000088300000, 0x0000000088400000|  0%| F|  |TAMS 0x0000000088300000, 0x0000000088300000| Untracked 
|  68|0x0000000088400000, 0x0000000088400000, 0x0000000088500000|  0%| F|  |TAMS 0x0000000088400000, 0x0000000088400000| Untracked 
|  69|0x0000000088500000, 0x0000000088500000, 0x0000000088600000|  0%| F|  |TAMS 0x0000000088500000, 0x0000000088500000| Untracked 
|  70|0x0000000088600000, 0x0000000088600000, 0x0000000088700000|  0%| F|  |TAMS 0x0000000088600000, 0x0000000088600000| Untracked 
|  71|0x0000000088700000, 0x0000000088700000, 0x0000000088800000|  0%| F|  |TAMS 0x0000000088700000, 0x0000000088700000| Untracked 
|  72|0x0000000088800000, 0x0000000088800000, 0x0000000088900000|  0%| F|  |TAMS 0x0000000088800000, 0x0000000088800000| Untracked 
|  73|0x0000000088900000, 0x0000000088900000, 0x0000000088a00000|  0%| F|  |TAMS 0x0000000088900000, 0x0000000088900000| Untracked 
|  74|0x0000000088a00000, 0x0000000088a00000, 0x0000000088b00000|  0%| F|  |TAMS 0x0000000088a00000, 0x0000000088a00000| Untracked 
|  75|0x0000000088b00000, 0x0000000088b00000, 0x0000000088c00000|  0%| F|  |TAMS 0x0000000088b00000, 0x0000000088b00000| Untracked 
|  76|0x0000000088c00000, 0x0000000088c00000, 0x0000000088d00000|  0%| F|  |TAMS 0x0000000088c00000, 0x0000000088c00000| Untracked 
|  77|0x0000000088d00000, 0x0000000088d00000, 0x0000000088e00000|  0%| F|  |TAMS 0x0000000088d00000, 0x0000000088d00000| Untracked 
|  78|0x0000000088e00000, 0x0000000088e00000, 0x0000000088f00000|  0%| F|  |TAMS 0x0000000088e00000, 0x0000000088e00000| Untracked 
|  79|0x0000000088f00000, 0x0000000088f00000, 0x0000000089000000|  0%| F|  |TAMS 0x0000000088f00000, 0x0000000088f00000| Untracked 
|  80|0x0000000089000000, 0x0000000089000000, 0x0000000089100000|  0%| F|  |TAMS 0x0000000089000000, 0x0000000089000000| Untracked 
|  81|0x0000000089100000, 0x0000000089100000, 0x0000000089200000|  0%| F|  |TAMS 0x0000000089100000, 0x0000000089100000| Untracked 
|  82|0x0000000089200000, 0x0000000089200000, 0x0000000089300000|  0%| F|  |TAMS 0x0000000089200000, 0x0000000089200000| Untracked 
|  83|0x0000000089300000, 0x0000000089300000, 0x0000000089400000|  0%| F|  |TAMS 0x0000000089300000, 0x0000000089300000| Untracked 
|  84|0x0000000089400000, 0x0000000089400000, 0x0000000089500000|  0%| F|  |TAMS 0x0000000089400000, 0x0000000089400000| Untracked 
|  85|0x0000000089500000, 0x0000000089500000, 0x0000000089600000|  0%| F|  |TAMS 0x0000000089500000, 0x0000000089500000| Untracked 
|  86|0x0000000089600000, 0x0000000089600000, 0x0000000089700000|  0%| F|  |TAMS 0x0000000089600000, 0x0000000089600000| Untracked 
|  87|0x0000000089700000, 0x0000000089700000, 0x0000000089800000|  0%| F|  |TAMS 0x0000000089700000, 0x0000000089700000| Untracked 
|  88|0x0000000089800000, 0x0000000089800000, 0x0000000089900000|  0%| F|  |TAMS 0x0000000089800000, 0x0000000089800000| Untracked 
|  89|0x0000000089900000, 0x0000000089900000, 0x0000000089a00000|  0%| F|  |TAMS 0x0000000089900000, 0x0000000089900000| Untracked 
|  90|0x0000000089a00000, 0x0000000089a00000, 0x0000000089b00000|  0%| F|  |TAMS 0x0000000089a00000, 0x0000000089a00000| Untracked 
|  91|0x0000000089b00000, 0x0000000089b00000, 0x0000000089c00000|  0%| F|  |TAMS 0x0000000089b00000, 0x0000000089b00000| Untracked 
|  92|0x0000000089c00000, 0x0000000089c00000, 0x0000000089d00000|  0%| F|  |TAMS 0x0000000089c00000, 0x0000000089c00000| Untracked 
|  93|0x0000000089d00000, 0x0000000089d00000, 0x0000000089e00000|  0%| F|  |TAMS 0x0000000089d00000, 0x0000000089d00000| Untracked 
|  94|0x0000000089e00000, 0x0000000089e00000, 0x0000000089f00000|  0%| F|  |TAMS 0x0000000089e00000, 0x0000000089e00000| Untracked 
|  95|0x0000000089f00000, 0x0000000089f00000, 0x000000008a000000|  0%| F|  |TAMS 0x0000000089f00000, 0x0000000089f00000| Untracked 
|  96|0x000000008a000000, 0x000000008a000000, 0x000000008a100000|  0%| F|  |TAMS 0x000000008a000000, 0x000000008a000000| Untracked 
|  97|0x000000008a100000, 0x000000008a100000, 0x000000008a200000|  0%| F|  |TAMS 0x000000008a100000, 0x000000008a100000| Untracked 
|  98|0x000000008a200000, 0x000000008a200000, 0x000000008a300000|  0%| F|  |TAMS 0x000000008a200000, 0x000000008a200000| Untracked 
|  99|0x000000008a300000, 0x000000008a300000, 0x000000008a400000|  0%| F|  |TAMS 0x000000008a300000, 0x000000008a300000| Untracked 
| 100|0x000000008a400000, 0x000000008a400000, 0x000000008a500000|  0%| F|  |TAMS 0x000000008a400000, 0x000000008a400000| Untracked 
| 101|0x000000008a500000, 0x000000008a500000, 0x000000008a600000|  0%| F|  |TAMS 0x000000008a500000, 0x000000008a500000| Untracked 
| 102|0x000000008a600000, 0x000000008a600000, 0x000000008a700000|  0%| F|  |TAMS 0x000000008a600000, 0x000000008a600000| Untracked 
| 103|0x000000008a700000, 0x000000008a700000, 0x000000008a800000|  0%| F|  |TAMS 0x000000008a700000, 0x000000008a700000| Untracked 
| 104|0x000000008a800000, 0x000000008a800000, 0x000000008a900000|  0%| F|  |TAMS 0x000000008a800000, 0x000000008a800000| Untracked 
| 105|0x000000008a900000, 0x000000008a900000, 0x000000008aa00000|  0%| F|  |TAMS 0x000000008a900000, 0x000000008a900000| Untracked 
| 106|0x000000008aa00000, 0x000000008aa00000, 0x000000008ab00000|  0%| F|  |TAMS 0x000000008aa00000, 0x000000008aa00000| Untracked 
| 107|0x000000008ab00000, 0x000000008ab00000, 0x000000008ac00000|  0%| F|  |TAMS 0x000000008ab00000, 0x000000008ab00000| Untracked 
| 108|0x000000008ac00000, 0x000000008ac00000, 0x000000008ad00000|  0%| F|  |TAMS 0x000000008ac00000, 0x000000008ac00000| Untracked 
| 109|0x000000008ad00000, 0x000000008ad7ce50, 0x000000008ae00000| 48%| E|  |TAMS 0x000000008ad00000, 0x000000008ad00000| Complete 
| 110|0x000000008ae00000, 0x000000008af00000, 0x000000008af00000|100%| E|CS|TAMS 0x000000008ae00000, 0x000000008ae00000| Complete 
| 111|0x000000008af00000, 0x000000008b000000, 0x000000008b000000|100%| E|CS|TAMS 0x000000008af00000, 0x000000008af00000| Complete 
| 112|0x000000008b000000, 0x000000008b100000, 0x000000008b100000|100%| E|CS|TAMS 0x000000008b000000, 0x000000008b000000| Complete 
| 113|0x000000008b100000, 0x000000008b200000, 0x000000008b200000|100%| E|CS|TAMS 0x000000008b100000, 0x000000008b100000| Complete 
| 114|0x000000008b200000, 0x000000008b300000, 0x000000008b300000|100%| E|CS|TAMS 0x000000008b200000, 0x000000008b200000| Complete 
| 115|0x000000008b300000, 0x000000008b400000, 0x000000008b400000|100%| E|CS|TAMS 0x000000008b300000, 0x000000008b300000| Complete 
| 116|0x000000008b400000, 0x000000008b500000, 0x000000008b500000|100%| E|  |TAMS 0x000000008b400000, 0x000000008b400000| Complete 
| 117|0x000000008b500000, 0x000000008b600000, 0x000000008b600000|100%| E|CS|TAMS 0x000000008b500000, 0x000000008b500000| Complete 
| 118|0x000000008b600000, 0x000000008b700000, 0x000000008b700000|100%| E|CS|TAMS 0x000000008b600000, 0x000000008b600000| Complete 
| 119|0x000000008b700000, 0x000000008b800000, 0x000000008b800000|100%| E|CS|TAMS 0x000000008b700000, 0x000000008b700000| Complete 
| 120|0x000000008b800000, 0x000000008b900000, 0x000000008b900000|100%| E|CS|TAMS 0x000000008b800000, 0x000000008b800000| Complete 
| 121|0x000000008b900000, 0x000000008ba00000, 0x000000008ba00000|100%| E|CS|TAMS 0x000000008b900000, 0x000000008b900000| Complete 
| 122|0x000000008ba00000, 0x000000008bb00000, 0x000000008bb00000|100%| E|CS|TAMS 0x000000008ba00000, 0x000000008ba00000| Complete 
| 123|0x000000008bb00000, 0x000000008bc00000, 0x000000008bc00000|100%| E|CS|TAMS 0x000000008bb00000, 0x000000008bb00000| Complete 

Card table byte_map: [0x000001762cc30000,0x000001762d010000] _byte_map_base: 0x000001762c810000

Marking Bits (Prev, Next): (CMBitMap*) 0x0000017615e92a78, (CMBitMap*) 0x0000017615e92ab0
 Prev Bits: [0x000001762d3f0000, 0x000001762f2f0000)
 Next Bits: [0x000001762f2f0000, 0x00000176311f0000)

Polling page: 0x0000017613d90000

Metaspace:

Usage:
  Non-class:      8.01 MB capacity,     7.87 MB ( 98%) used,   119.31 KB (  1%) free+waste,    22.63 KB ( <1%) overhead. 
      Class:    990.00 KB capacity,   891.38 KB ( 90%) used,    86.38 KB (  9%) free+waste,    12.25 KB (  1%) overhead. 
       Both:      8.97 MB capacity,     8.74 MB ( 97%) used,   205.69 KB (  2%) free+waste,    34.88 KB ( <1%) overhead. 

Virtual space:
  Non-class space:       10.00 MB reserved,       8.25 MB ( 83%) committed 
      Class space:        1.00 GB reserved,       1.00 MB ( <1%) committed 
             Both:        1.01 GB reserved,       9.25 MB ( <1%) committed 

Chunk freelists:
   Non-Class:  0 bytes
       Class:  0 bytes
        Both:  0 bytes

CodeHeap 'non-profiled nmethods': size=120000Kb used=307Kb max_used=307Kb free=119692Kb
 bounds [0x0000017624ff0000, 0x0000017625260000, 0x000001762c520000]
CodeHeap 'profiled nmethods': size=120000Kb used=1118Kb max_used=1118Kb free=118881Kb
 bounds [0x000001761dac0000, 0x000001761dd30000, 0x0000017624ff0000]
CodeHeap 'non-nmethods': size=5760Kb used=1110Kb max_used=1149Kb free=4650Kb
 bounds [0x000001761d520000, 0x000001761d790000, 0x000001761dac0000]
 total_blobs=1210 nmethods=799 adapters=323
 compilation: enabled
              stopped_count=0, restarted_count=0
 full_count=0

Compilation events (10 events):
Event: 0.422 Thread 0x00000176345b8800 nmethod 797 0x000001762502e610 code [0x000001762502e7a0, 0x000001762502e858]
Event: 0.424 Thread 0x00000176345b8800  799       1       java.lang.invoke.InfoFromMemberName::getReferenceKind (5 bytes)
Event: 0.424 Thread 0x00000176345b8800 nmethod 799 0x000001762502e910 code [0x000001762502eaa0, 0x000001762502eb58]
Event: 0.425 Thread 0x0000017633c63000 nmethod 788 0x000001762502ec10 code [0x000001762502ede0, 0x000001762502f220]
Event: 0.425 Thread 0x0000017633c63000  790       4       java.lang.invoke.LambdaForm$Name::useCount (42 bytes)
Event: 0.427 Thread 0x0000017633c63000 nmethod 790 0x000001762502f610 code [0x000001762502f780, 0x000001762502f878]
Event: 0.427 Thread 0x0000017633c63000  798       4       java.lang.String::isEmpty (14 bytes)
Event: 0.428 Thread 0x0000017633c63000 nmethod 798 0x000001762502f990 code [0x000001762502fb00, 0x000001762502fb78]
Event: 0.428 Thread 0x0000017633c63000  789       4       jdk.internal.org.objectweb.asm.ByteVector::putByte (39 bytes)
Event: 0.429 Thread 0x0000017633c63000 nmethod 789 0x000001762502fc10 code [0x000001762502fda0, 0x000001762502fec8]

GC Heap History (0 events):
No events

Deoptimization events (5 events):
Event: 0.221 Thread 0x0000017615e55000 Uncommon trap: reason=unstable_if action=reinterpret pc=0x0000017625002ab0 method=java.util.ImmutableCollections$SetN.probe(Ljava/lang/Object;)I @ 34 c2
Event: 0.234 Thread 0x0000017615e55000 Uncommon trap: reason=unstable_if action=reinterpret pc=0x000001762500c0a4 method=java.util.HashMap.putVal(ILjava/lang/Object;Ljava/lang/Object;ZZ)Ljava/lang/Object; @ 81 c2
Event: 0.240 Thread 0x0000017615e55000 Uncommon trap: reason=unstable_if action=reinterpret pc=0x00000176250040d0 method=java.lang.String.substring(II)Ljava/lang/String; @ 22 c2
Event: 0.262 Thread 0x0000017615e55000 Uncommon trap: reason=unstable_if action=reinterpret pc=0x0000017625011114 method=java.util.zip.ZipFile$Source.isMetaName([BII)Z @ 57 c2
Event: 0.270 Thread 0x0000017615e55000 Uncommon trap: reason=unstable_if action=reinterpret pc=0x0000017624ff25f0 method=java.lang.String.isLatin1()Z @ 10 c2

Classes redefined (0 events):
No events

Internal exceptions (6 events):
Event: 0.142 Thread 0x0000017615e55000 Exception <a 'sun/nio/fs/WindowsException'{0x000000008ba55f08}> (0x000000008ba55f08) thrown at [./open/src/hotspot/share/prims/jni.cpp, line 611]
Event: 0.142 Thread 0x0000017615e55000 Exception <a 'sun/nio/fs/WindowsException'{0x000000008ba56378}> (0x000000008ba56378) thrown at [./open/src/hotspot/share/prims/jni.cpp, line 611]
Event: 0.158 Thread 0x0000017615e55000 Exception <a 'java/lang/NoSuchMethodError'{0x000000008ba7e1d8}: java.lang.invoke.DirectMethodHandle$Holder.invokeSpecialIFC(Ljava/lang/Object;Ljava/lang/Object;I)I> (0x000000008ba7e1d8) thrown at [./open/src/hotspot/share/interpreter/linkResolver.cpp, lin
Event: 0.314 Thread 0x0000017615e55000 Exception <a 'java/lang/NoSuchMethodError'{0x000000008b195628}: java.lang.invoke.DirectMethodHandle$Holder.invokeStatic(Ljava/lang/Object;Ljava/lang/Object;Ljava/lang/Object;Ljava/lang/Object;Ljava/lang/Object;Ljava/lang/Object;Ljava/lang/Object;Ljava/lan
Event: 0.317 Thread 0x0000017615e55000 Exception <a 'java/lang/NoSuchMethodError'{0x000000008b1b0a50}: java.lang.invoke.DirectMethodHandle$Holder.invokeStatic(Ljava/lang/Object;Ljava/lang/Object;Ljava/lang/Object;Ljava/lang/Object;Ljava/lang/Object;Ljava/lang/Object;Ljava/lang/Object;Ljava/lan
Event: 0.319 Thread 0x0000017615e55000 Exception <a 'java/lang/NoSuchMethodError'{0x000000008b1cbf88}: java.lang.invoke.DirectMethodHandle$Holder.invokeStatic(Ljava/lang/Object;Ljava/lang/Object;Ljava/lang/Object;Ljava/lang/Object;Ljava/lang/Object;Ljava/lang/Object;Ljava/lang/Object;Ljava/lan

Events (10 events):
Event: 0.416 Executing VM operation: RevokeBias
Event: 0.416 Executing VM operation: RevokeBias done
Event: 0.416 Executing VM operation: RevokeBias
Event: 0.416 Executing VM operation: RevokeBias done
Event: 0.416 Executing VM operation: RevokeBias
Event: 0.416 Executing VM operation: RevokeBias done
Event: 0.418 Executing VM operation: RevokeBias
Event: 0.418 Executing VM operation: RevokeBias done
Event: 0.423 Executing VM operation: RevokeBias
Event: 0.423 Executing VM operation: RevokeBias done


Dynamic libraries:
0x00007ff628a10000 - 0x00007ff628a1f000 	C:\Program Files\Java\jdk-11.0.17\bin\java.exe
0x00007ffecb710000 - 0x00007ffecb924000 	C:\WINDOWS\SYSTEM32\ntdll.dll
0x00007ffeca4e0000 - 0x00007ffeca5a2000 	C:\WINDOWS\System32\KERNEL32.DLL
0x00007ffec8c10000 - 0x00007ffec8fac000 	C:\WINDOWS\System32\KERNELBASE.dll
0x00007ffec9400000 - 0x00007ffec9511000 	C:\WINDOWS\System32\ucrtbase.dll
0x00007ffea7f40000 - 0x00007ffea7f58000 	C:\Program Files\Java\jdk-11.0.17\bin\jli.dll
0x00007ffea6830000 - 0x00007ffea6845000 	C:\Program Files\Java\jdk-11.0.17\bin\VCRUNTIME140.dll
0x00007ffecac60000 - 0x00007ffecad0e000 	C:\WINDOWS\System32\ADVAPI32.dll
0x00007ffecb620000 - 0x00007ffecb6c7000 	C:\WINDOWS\System32\msvcrt.dll
0x00007ffec96e0000 - 0x00007ffec9784000 	C:\WINDOWS\System32\sechost.dll
0x00007ffec9850000 - 0x00007ffec9967000 	C:\WINDOWS\System32\RPCRT4.dll
0x00007ffec9520000 - 0x00007ffec96cb000 	C:\WINDOWS\System32\USER32.dll
0x00007ffec9020000 - 0x00007ffec9046000 	C:\WINDOWS\System32\win32u.dll
0x00007ffea6ba0000 - 0x00007ffea6e2e000 	C:\WINDOWS\WinSxS\amd64_microsoft.windows.common-controls_6595b64144ccf1df_6.0.22621.608_none_a9444ca7c10bb01d\COMCTL32.dll
0x00007ffec9ab0000 - 0x00007ffec9ad9000 	C:\WINDOWS\System32\GDI32.dll
0x00007ffec90f0000 - 0x00007ffec9203000 	C:\WINDOWS\System32\gdi32full.dll
0x00007ffec9050000 - 0x00007ffec90ea000 	C:\WINDOWS\System32\msvcp_win.dll
0x00007ffec0d50000 - 0x00007ffec0d5a000 	C:\WINDOWS\SYSTEM32\VERSION.dll
0x00007ffec9810000 - 0x00007ffec9841000 	C:\WINDOWS\System32\IMM32.DLL
0x00007ffe75350000 - 0x00007ffe753eb000 	C:\Program Files\Java\jdk-11.0.17\bin\msvcp140.dll
0x00007ffe4f940000 - 0x00007ffe5045a000 	C:\Program Files\Java\jdk-11.0.17\bin\server\jvm.dll
0x00007ffec9970000 - 0x00007ffec9978000 	C:\WINDOWS\System32\PSAPI.DLL
0x00007ffec19c0000 - 0x00007ffec19f4000 	C:\WINDOWS\SYSTEM32\WINMM.dll
0x00007ffea65b0000 - 0x00007ffea65b9000 	C:\WINDOWS\SYSTEM32\WSOCK32.dll
0x00007ffec9dc0000 - 0x00007ffec9e31000 	C:\WINDOWS\System32\WS2_32.dll
0x00007ffec7c90000 - 0x00007ffec7ca8000 	C:\WINDOWS\SYSTEM32\kernel.appcore.dll
0x00007ffea8120000 - 0x00007ffea8130000 	C:\Program Files\Java\jdk-11.0.17\bin\verify.dll
0x00007ffec5e80000 - 0x00007ffec60ae000 	C:\WINDOWS\SYSTEM32\DBGHELP.DLL
0x00007ffec9e40000 - 0x00007ffeca1c9000 	C:\WINDOWS\System32\combase.dll
0x00007ffeca260000 - 0x00007ffeca337000 	C:\WINDOWS\System32\OLEAUT32.dll
0x00007ffeaa490000 - 0x00007ffeaa4c2000 	C:\WINDOWS\SYSTEM32\dbgcore.DLL
0x00007ffec9210000 - 0x00007ffec928b000 	C:\WINDOWS\System32\bcryptPrimitives.dll
0x00007ffea2220000 - 0x00007ffea2248000 	C:\Program Files\Java\jdk-11.0.17\bin\java.dll
0x00007ffea65c0000 - 0x00007ffea65ca000 	C:\Program Files\Java\jdk-11.0.17\bin\jimage.dll
0x00007ffea5870000 - 0x00007ffea587e000 	C:\Program Files\Java\jdk-11.0.17\bin\instrument.dll
0x00007ffea2200000 - 0x00007ffea2216000 	C:\Program Files\Java\jdk-11.0.17\bin\zip.dll
0x00007ffecad10000 - 0x00007ffecb500000 	C:\WINDOWS\System32\SHELL32.dll
0x00007ffec6b60000 - 0x00007ffec742d000 	C:\WINDOWS\SYSTEM32\windows.storage.dll
0x00007ffec6a20000 - 0x00007ffec6b5e000 	C:\WINDOWS\SYSTEM32\wintypes.dll
0x00007ffec9b00000 - 0x00007ffec9bf1000 	C:\WINDOWS\System32\SHCORE.dll
0x00007ffeca620000 - 0x00007ffeca67e000 	C:\WINDOWS\System32\shlwapi.dll
0x00007ffec8a80000 - 0x00007ffec8aa1000 	C:\WINDOWS\SYSTEM32\profapi.dll
0x00007ffe9ff70000 - 0x00007ffe9ff89000 	C:\Program Files\Java\jdk-11.0.17\bin\net.dll
0x00007ffec3450000 - 0x00007ffec3587000 	C:\WINDOWS\SYSTEM32\WINHTTP.dll
0x00007ffec8100000 - 0x00007ffec8169000 	C:\WINDOWS\system32\mswsock.dll
0x00007ffe9ff50000 - 0x00007ffe9ff62000 	C:\Program Files\Java\jdk-11.0.17\bin\nio.dll
0x00007ffe9bab0000 - 0x00007ffe9baca000 	C:\Program Files\JetBrains\IntelliJ IDEA 2021.1.3\bin\breakgen64.dll
0x0000017613e60000 - 0x0000017613e63000 	E:\JETBRAINS\javafx-sdk-19.0.2.1\bin\api-ms-win-core-console-l1-1-0.dll
0x0000017613e70000 - 0x0000017613e73000 	E:\JETBRAINS\javafx-sdk-19.0.2.1\bin\api-ms-win-core-console-l1-2-0.dll
0x0000017615d60000 - 0x0000017615d63000 	E:\JETBRAINS\javafx-sdk-19.0.2.1\bin\api-ms-win-core-datetime-l1-1-0.dll
0x0000017615d70000 - 0x0000017615d73000 	E:\JETBRAINS\javafx-sdk-19.0.2.1\bin\api-ms-win-core-debug-l1-1-0.dll
0x0000017615d80000 - 0x0000017615d83000 	E:\JETBRAINS\javafx-sdk-19.0.2.1\bin\api-ms-win-core-errorhandling-l1-1-0.dll
0x0000017615d90000 - 0x0000017615d94000 	E:\JETBRAINS\javafx-sdk-19.0.2.1\bin\api-ms-win-core-file-l1-1-0.dll
0x0000017615da0000 - 0x0000017615da3000 	E:\JETBRAINS\javafx-sdk-19.0.2.1\bin\api-ms-win-core-file-l1-2-0.dll
0x0000017615db0000 - 0x0000017615db3000 	E:\JETBRAINS\javafx-sdk-19.0.2.1\bin\api-ms-win-core-file-l2-1-0.dll
0x0000017615dc0000 - 0x0000017615dc3000 	E:\JETBRAINS\javafx-sdk-19.0.2.1\bin\api-ms-win-core-handle-l1-1-0.dll
0x0000017615dd0000 - 0x0000017615dd3000 	E:\JETBRAINS\javafx-sdk-19.0.2.1\bin\api-ms-win-core-heap-l1-1-0.dll
0x0000017615de0000 - 0x0000017615de3000 	E:\JETBRAINS\javafx-sdk-19.0.2.1\bin\api-ms-win-core-interlocked-l1-1-0.dll
0x0000017615df0000 - 0x0000017615df3000 	E:\JETBRAINS\javafx-sdk-19.0.2.1\bin\api-ms-win-core-libraryloader-l1-1-0.dll
0x0000017615e00000 - 0x0000017615e03000 	E:\JETBRAINS\javafx-sdk-19.0.2.1\bin\api-ms-win-core-localization-l1-2-0.dll
0x0000017615e10000 - 0x0000017615e13000 	E:\JETBRAINS\javafx-sdk-19.0.2.1\bin\api-ms-win-core-memory-l1-1-0.dll
0x0000017615e20000 - 0x0000017615e23000 	E:\JETBRAINS\javafx-sdk-19.0.2.1\bin\api-ms-win-core-namedpipe-l1-1-0.dll
0x0000017637110000 - 0x0000017637113000 	E:\JETBRAINS\javafx-sdk-19.0.2.1\bin\api-ms-win-core-processenvironment-l1-1-0.dll
0x0000017637120000 - 0x0000017637123000 	E:\JETBRAINS\javafx-sdk-19.0.2.1\bin\api-ms-win-core-processthreads-l1-1-0.dll
0x0000017637130000 - 0x0000017637133000 	E:\JETBRAINS\javafx-sdk-19.0.2.1\bin\api-ms-win-core-processthreads-l1-1-1.dll
0x0000017637140000 - 0x0000017637143000 	E:\JETBRAINS\javafx-sdk-19.0.2.1\bin\api-ms-win-core-profile-l1-1-0.dll
0x0000017637150000 - 0x0000017637153000 	E:\JETBRAINS\javafx-sdk-19.0.2.1\bin\api-ms-win-core-rtlsupport-l1-1-0.dll
0x0000017637160000 - 0x0000017637163000 	E:\JETBRAINS\javafx-sdk-19.0.2.1\bin\api-ms-win-core-string-l1-1-0.dll
0x0000017637170000 - 0x0000017637173000 	E:\JETBRAINS\javafx-sdk-19.0.2.1\bin\api-ms-win-core-synch-l1-1-0.dll
0x0000017637180000 - 0x0000017637183000 	E:\JETBRAINS\javafx-sdk-19.0.2.1\bin\api-ms-win-core-synch-l1-2-0.dll
0x0000017637190000 - 0x0000017637193000 	E:\JETBRAINS\javafx-sdk-19.0.2.1\bin\api-ms-win-core-sysinfo-l1-1-0.dll
0x00000176371a0000 - 0x00000176371a3000 	E:\JETBRAINS\javafx-sdk-19.0.2.1\bin\api-ms-win-core-timezone-l1-1-0.dll
0x00000176371b0000 - 0x00000176371b3000 	E:\JETBRAINS\javafx-sdk-19.0.2.1\bin\api-ms-win-core-util-l1-1-0.dll
0x00000176371c0000 - 0x00000176371c3000 	E:\JETBRAINS\javafx-sdk-19.0.2.1\bin\api-ms-win-crt-conio-l1-1-0.dll
0x00000176371d0000 - 0x00000176371d4000 	E:\JETBRAINS\javafx-sdk-19.0.2.1\bin\api-ms-win-crt-convert-l1-1-0.dll
0x00000176371e0000 - 0x00000176371e3000 	E:\JETBRAINS\javafx-sdk-19.0.2.1\bin\api-ms-win-crt-environment-l1-1-0.dll
0x00000176371f0000 - 0x00000176371f3000 	E:\JETBRAINS\javafx-sdk-19.0.2.1\bin\api-ms-win-crt-filesystem-l1-1-0.dll
0x0000017637200000 - 0x0000017637203000 	E:\JETBRAINS\javafx-sdk-19.0.2.1\bin\api-ms-win-crt-heap-l1-1-0.dll
0x0000017637210000 - 0x0000017637213000 	E:\JETBRAINS\javafx-sdk-19.0.2.1\bin\api-ms-win-crt-locale-l1-1-0.dll
0x0000017637220000 - 0x0000017637225000 	E:\JETBRAINS\javafx-sdk-19.0.2.1\bin\api-ms-win-crt-math-l1-1-0.dll
0x0000017637230000 - 0x0000017637235000 	E:\JETBRAINS\javafx-sdk-19.0.2.1\bin\api-ms-win-crt-multibyte-l1-1-0.dll
0x0000017637240000 - 0x0000017637250000 	E:\JETBRAINS\javafx-sdk-19.0.2.1\bin\api-ms-win-crt-private-l1-1-0.dll
0x0000017637250000 - 0x0000017637253000 	E:\JETBRAINS\javafx-sdk-19.0.2.1\bin\api-ms-win-crt-process-l1-1-0.dll
0x0000017637260000 - 0x0000017637264000 	E:\JETBRAINS\javafx-sdk-19.0.2.1\bin\api-ms-win-crt-runtime-l1-1-0.dll
0x0000017637270000 - 0x0000017637274000 	E:\JETBRAINS\javafx-sdk-19.0.2.1\bin\api-ms-win-crt-stdio-l1-1-0.dll
0x0000017637280000 - 0x0000017637284000 	E:\JETBRAINS\javafx-sdk-19.0.2.1\bin\api-ms-win-crt-string-l1-1-0.dll
0x0000017637290000 - 0x0000017637293000 	E:\JETBRAINS\javafx-sdk-19.0.2.1\bin\api-ms-win-crt-time-l1-1-0.dll
0x00000176372a0000 - 0x00000176372a3000 	E:\JETBRAINS\javafx-sdk-19.0.2.1\bin\api-ms-win-crt-utility-l1-1-0.dll
0x00007ffe41ef0000 - 0x00007ffe41fec000 	E:\JETBRAINS\javafx-sdk-19.0.2.1\bin\ucrtbase.dll
0x00007ffe9ba90000 - 0x00007ffe9baab000 	E:\JETBRAINS\javafx-sdk-19.0.2.1\bin\vcruntime140.dll
0x00007ffe9edf0000 - 0x00007ffe9edfc000 	E:\JETBRAINS\javafx-sdk-19.0.2.1\bin\vcruntime140_1.dll
0x00007ffe619f0000 - 0x00007ffe61a7e000 	E:\JETBRAINS\javafx-sdk-19.0.2.1\bin\msvcp140.dll
0x00007ffe9ba80000 - 0x00007ffe9ba89000 	E:\JETBRAINS\javafx-sdk-19.0.2.1\bin\msvcp140_1.dll
0x00007ffe9b7c0000 - 0x00007ffe9b7f0000 	E:\JETBRAINS\javafx-sdk-19.0.2.1\bin\msvcp140_2.dll
0x00007ffe9b2c0000 - 0x00007ffe9b2ec000 	E:\JETBRAINS\javafx-sdk-19.0.2.1\bin\prism_d3d.dll
0x00007ffec1a50000 - 0x00007ffec1bf9000 	C:\WINDOWS\system32\d3d9.dll
0x00007ffec61e0000 - 0x00007ffec620b000 	C:\WINDOWS\SYSTEM32\dwmapi.dll
0x00007ffec5e40000 - 0x00007ffec5e76000 	C:\WINDOWS\SYSTEM32\dxcore.dll
0x00007ffec5c50000 - 0x00007ffec5cfb000 	C:\WINDOWS\system32\uxtheme.dll
0x00007ffe60fe0000 - 0x00007ffe6118c000 	C:\WINDOWS\System32\DriverStore\FileRepository\iigd_dch.inf_amd64_9b53505f87f3498b\igdumdim64.dll
0x00007ffeca340000 - 0x00007ffeca4dc000 	C:\WINDOWS\System32\ole32.dll
0x00007ffe5c770000 - 0x00007ffe60fd4000 	C:\WINDOWS\System32\DriverStore\FileRepository\iigd_dch.inf_amd64_9b53505f87f3498b\igd9dxva64.dll
0x00007ffeca7e0000 - 0x00007ffecac54000 	C:\WINDOWS\System32\SETUPAPI.dll
0x00007ffec8840000 - 0x00007ffec888e000 	C:\WINDOWS\SYSTEM32\cfgmgr32.dll
0x00007ffebc810000 - 0x00007ffebcc19000 	C:\WINDOWS\System32\DriverStore\FileRepository\iigd_dch.inf_amd64_9b53505f87f3498b\igdgmm64.dll
0x00007ffec2660000 - 0x00007ffec26a8000 	C:\WINDOWS\SYSTEM32\directxdatabasehelper.dll

dbghelp: loaded successfully - version: 4.0.5 - missing functions: none
symbol engine: initialized successfully - sym options: 0x614 - pdb path: .;C:\Program Files\Java\jdk-11.0.17\bin;C:\WINDOWS\SYSTEM32;C:\WINDOWS\WinSxS\amd64_microsoft.windows.common-controls_6595b64144ccf1df_6.0.22621.608_none_a9444ca7c10bb01d;C:\Program Files\Java\jdk-11.0.17\bin\server;C:\Program Files\JetBrains\IntelliJ IDEA 2021.1.3\bin;E:\JETBRAINS\javafx-sdk-19.0.2.1\bin;C:\WINDOWS\System32\DriverStore\FileRepository\iigd_dch.inf_amd64_9b53505f87f3498b

VM Arguments:
jvm_args: --module-path=E:\JETBRAINS\javafx-sdk-19.0.2.1\lib --add-modules=javafx.controls,javafx.fxml -javaagent:C:\Program Files\JetBrains\IntelliJ IDEA 2021.1.3\lib\idea_rt.jar=49967:C:\Program Files\JetBrains\IntelliJ IDEA 2021.1.3\bin -Dfile.encoding=UTF-8 
java_command: Launcher
java_class_path (initial): E:\Intellij projects\Cocos\target\classes;C:\Users\HP\.m2\repository\org\openjfx\javafx-controls\19.0.2.1\javafx-controls-19.0.2.1.jar;C:\Users\HP\.m2\repository\org\openjfx\javafx-controls\19.0.2.1\javafx-controls-19.0.2.1-win.jar;C:\Users\HP\.m2\repository\org\openjfx\javafx-graphics\19.0.2.1\javafx-graphics-19.0.2.1.jar;C:\Users\HP\.m2\repository\org\openjfx\javafx-graphics\19.0.2.1\javafx-graphics-19.0.2.1-win.jar;C:\Users\HP\.m2\repository\org\openjfx\javafx-base\19.0.2.1\javafx-base-19.0.2.1.jar;C:\Users\HP\.m2\repository\org\openjfx\javafx-base\19.0.2.1\javafx-base-19.0.2.1-win.jar;C:\Users\HP\.m2\repository\org\openjfx\javafx-fxml\19.0.2.1\javafx-fxml-19.0.2.1.jar;C:\Users\HP\.m2\repository\org\openjfx\javafx-fxml\19.0.2.1\javafx-fxml-19.0.2.1-win.jar;C:\Users\HP\.m2\repository\com\mysql\mysql-connector-j\8.0.32\mysql-connector-j-8.0.32.jar;C:\Users\HP\.m2\repository\com\google\protobuf\protobuf-java\3.21.9\protobuf-java-3.21.9.jar;C:\Users\HP\.m2\repository\com\jfoenix\jfoenix\9.0.10\jfoenix-9.0.10.jar;C:\Users\HP\.m2\repository\org\controlsfx\controlsfx\11.1.2\controlsfx-11.1.2.jar;C:\Users\HP\.m2\repository\jakarta\mail\jakarta.mail-api\2.1.1\jakarta.mail-api-2.1.1.jar;C:\Users\HP\.m2\repository\jakarta\activation\jakarta.activation-api\2.1.1\jakarta.activation-api-2.1.1.jar;C:\Users\HP\.m2\repository\org\eclipse\angus\angus-mail\1.0.0\angus-mail-1.0.0.jar;C:\Users\HP\.m2\repository\org\eclipse\angus\angus-activation\1.0.0\angus-activation-1.0.0.jar;C:\Users\HP\.m2\repository\io\github\typhon0\AnimateFX\1.2.4\AnimateFX-1.2.4.jar
Launcher Type: SUN_STANDARD

[Global flags]
     intx CICompilerCount                          = 4                                         {product} {ergonomic}
     uint ConcGCThreads                            = 2                                         {product} {ergonomic}
     uint G1ConcRefinementThreads                  = 8                                         {product} {ergonomic}
   size_t G1HeapRegionSize                         = 1048576                                   {product} {ergonomic}
    uintx GCDrainStackTargetSize                   = 64                                        {product} {ergonomic}
   size_t InitialHeapSize                          = 130023424                                 {product} {ergonomic}
   size_t MarkStackSize                            = 4194304                                   {product} {ergonomic}
   size_t MaxHeapSize                              = 2080374784                                {product} {ergonomic}
   size_t MaxNewSize                               = 1247805440                                {product} {ergonomic}
   size_t MinHeapDeltaBytes                        = 1048576                                   {product} {ergonomic}
    uintx NonNMethodCodeHeapSize                   = 5836300                                {pd product} {ergonomic}
    uintx NonProfiledCodeHeapSize                  = 122910970                              {pd product} {ergonomic}
    uintx ProfiledCodeHeapSize                     = 122910970                              {pd product} {ergonomic}
    uintx ReservedCodeCacheSize                    = 251658240                              {pd product} {ergonomic}
     bool SegmentedCodeCache                       = true                                      {product} {ergonomic}
     bool UseCompressedClassPointers               = true                                 {lp64_product} {ergonomic}
     bool UseCompressedOops                        = true                                 {lp64_product} {ergonomic}
     bool UseG1GC                                  = true                                      {product} {ergonomic}
     bool UseLargePagesIndividualAllocation        = false                                  {pd product} {ergonomic}

Logging:
Log output configuration:
 #0: stdout all=warning uptime,level,tags
 #1: stderr all=off uptime,level,tags

Environment Variables:
JAVA_HOME=C:\Program Files\Java\jdk-11.0.17
PATH=C:\Program Files\Common Files\Oracle\Java\javapath;C:\Program Files (x86)\Common Files\Oracle\Java\javapath;C:\WINDOWS\system32;C:\WINDOWS;C:\WINDOWS\System32\Wbem;C:\WINDOWS\System32\WindowsPowerShell\v1.0\;C:\WINDOWS\System32\OpenSSH\;C:\Program Files\Java\jdk1.8.0_202\bin;C:\Program Files\MySQL\MySQL Server 8.0\bin;C:\Program Files\Java\jdk-11.0.17\bin;C:\Program Files\Git\cmd;C:\Program Files\MySQL\MySQL Shell 8.0\bin\;C:\Users\HP\AppData\Local\Microsoft\WindowsApps;C:\Program Files\JetBrains\IntelliJ IDEA 2021.1.3\bin;;C:\Users\HP\AppData\Local\GitHubDesktop\bin;
USERNAME=HP
OS=Windows_NT
PROCESSOR_IDENTIFIER=Intel64 Family 6 Model 140 Stepping 1, GenuineIntel



---------------  S Y S T E M  ---------------

OS: Windows 11 , 64 bit Build 22621 (10.0.22621.1485)

CPU:total 8 (initial active 8) (4 cores per cpu, 2 threads per core) family 6 model 140 stepping 1 microcode 0x86, cmov, cx8, fxsr, mmx, sse, sse2, sse3, ssse3, sse4.1, sse4.2, popcnt, avx, avx2, aes, clmul, erms, 3dnowpref, lzcnt, ht, tsc, tscinvbit, bmi1, bmi2, adx, evex, sha, fma

Memory: 4k page, system-wide physical 7932M (1638M free)
TotalPageFile size 17660M (AvailPageFile size 10133M)
current process WorkingSet (physical memory assigned to process): 76M, peak: 82M
current process commit charge ("private bytes"): 232M, peak: 240M

vm_info: Java HotSpot(TM) 64-Bit Server VM (11.0.17+10-LTS-269) for windows-amd64 JRE (11.0.17+10-LTS-269), built on Sep 13 2022 19:26:37 by "mach5one" with MS VC++ 15.9 (VS2017)

END.
